This file contains any messages produced by compilers while
running configure, to aid debugging if configure makes a mistake.

It was created by arlshapes configure 1.0, which was
generated by GNU Autoconf 2.63.  Invocation command line was

  $ ./configure CC=gcc F77=gfortran

## --------- ##
## Platform. ##
## --------- ##

hostname = universe
uname -m = x86_64
uname -r = 5.4.0-72-generic
uname -s = Linux
uname -v = #80-Ubuntu SMP Mon Apr 12 17:35:00 UTC 2021

/usr/bin/uname -p = x86_64
/bin/uname -X     = unknown

/bin/arch              = x86_64
/usr/bin/arch -k       = unknown
/usr/convex/getsysinfo = unknown
/usr/bin/hostinfo      = unknown
/bin/machine           = unknown
/usr/bin/oslevel       = unknown
/bin/universe          = unknown

PATH: /usr/local/sbin
PATH: /usr/local/bin
PATH: /usr/sbin
PATH: /usr/bin
PATH: /sbin
PATH: /bin
PATH: /usr/games
PATH: /usr/local/games
PATH: /snap/bin


## ----------- ##
## Core tests. ##
## ----------- ##

configure:1838: checking for gcc
configure:1865: result: gcc
configure:2097: checking for C compiler version
configure:2105: gcc --version >&5
gcc (Ubuntu 9.3.0-17ubuntu1~20.04) 9.3.0
Copyright (C) 2019 Free Software Foundation, Inc.
This is free software; see the source for copying conditions.  There is NO
warranty; not even for MERCHANTABILITY or FITNESS FOR A PARTICULAR PURPOSE.

configure:2109: $? = 0
configure:2116: gcc -v >&5
Using built-in specs.
COLLECT_GCC=gcc
COLLECT_LTO_WRAPPER=/usr/lib/gcc/x86_64-linux-gnu/9/lto-wrapper
OFFLOAD_TARGET_NAMES=nvptx-none:hsa
OFFLOAD_TARGET_DEFAULT=1
Target: x86_64-linux-gnu
Configured with: ../src/configure -v --with-pkgversion='Ubuntu 9.3.0-17ubuntu1~20.04' --with-bugurl=file:///usr/share/doc/gcc-9/README.Bugs --enable-languages=c,ada,c++,go,brig,d,fortran,objc,obj-c++,gm2 --prefix=/usr --with-gcc-major-version-only --program-suffix=-9 --program-prefix=x86_64-linux-gnu- --enable-shared --enable-linker-build-id --libexecdir=/usr/lib --without-included-gettext --enable-threads=posix --libdir=/usr/lib --enable-nls --enable-clocale=gnu --enable-libstdcxx-debug --enable-libstdcxx-time=yes --with-default-libstdcxx-abi=new --enable-gnu-unique-object --disable-vtable-verify --enable-plugin --enable-default-pie --with-system-zlib --with-target-system-zlib=auto --enable-objc-gc=auto --enable-multiarch --disable-werror --with-arch-32=i686 --with-abi=m64 --with-multilib-list=m32,m64,mx32 --enable-multilib --with-tune=generic --enable-offload-targets=nvptx-none=/build/gcc-9-HskZEa/gcc-9-9.3.0/debian/tmp-nvptx/usr,hsa --without-cuda-driver --enable-checking=release --build=x86_64-linux-gnu --host=x86_64-linux-gnu --target=x86_64-linux-gnu
Thread model: posix
gcc version 9.3.0 (Ubuntu 9.3.0-17ubuntu1~20.04) 
configure:2120: $? = 0
configure:2127: gcc -V >&5
gcc: error: unrecognized command line option '-V'
gcc: fatal error: no input files
compilation terminated.
configure:2131: $? = 1
configure:2154: checking for C compiler default output file name
configure:2176: gcc    conftest.c  >&5
configure:2180: $? = 0
configure:2218: result: a.out
configure:2237: checking whether the C compiler works
configure:2247: ./a.out
configure:2251: $? = 0
configure:2270: result: yes
configure:2277: checking whether we are cross compiling
configure:2279: result: no
configure:2282: checking for suffix of executables
configure:2289: gcc -o conftest    conftest.c  >&5
configure:2293: $? = 0
configure:2319: result: 
configure:2325: checking for suffix of object files
configure:2351: gcc -c   conftest.c >&5
configure:2355: $? = 0
configure:2380: result: o
configure:2384: checking whether we are using the GNU C compiler
configure:2413: gcc -c   conftest.c >&5
configure:2420: $? = 0
configure:2437: result: yes
configure:2446: checking whether gcc accepts -g
configure:2476: gcc -c -g  conftest.c >&5
configure:2483: $? = 0
configure:2584: result: yes
configure:2601: checking for gcc option to accept ISO C89
configure:2675: gcc  -c -g -O2  conftest.c >&5
configure:2682: $? = 0
configure:2705: result: none needed
configure:2768: checking for a BSD-compatible install
configure:2836: result: /usr/bin/install -c
configure:2847: checking whether ln -s works
configure:2851: result: yes
configure:2858: checking whether make sets $(MAKE)
configure:2880: result: yes
configure:2932: checking for ranlib
configure:2948: found /usr/bin/ranlib
configure:2959: result: ranlib
configure:2987: checking for printf in -lc
configure:3022: gcc -o conftest -g -O2   conftest.c -lc   >&5
conftest.c:15:6: warning: conflicting types for built-in function 'printf'; expected 'int(const char *, ...)' [-Wbuiltin-declaration-mismatch]
   15 | char printf ();
      |      ^~~~~~
conftest.c:1:1: note: 'printf' is declared in header '<stdio.h>'
    1 | /* confdefs.h.  */
configure:3029: $? = 0
configure:3050: result: yes
configure:3064: checking for sqrt in -lm
configure:3099: gcc -o conftest -g -O2   conftest.c -lm   >&5
conftest.c:16:6: warning: conflicting types for built-in function 'sqrt'; expected 'double(double)' [-Wbuiltin-declaration-mismatch]
   16 | char sqrt ();
      |      ^~~~
conftest.c:1:1: note: 'sqrt' is declared in header '<math.h>'
    1 | /* confdefs.h.  */
configure:3106: $? = 0
configure:3127: result: yes
configure:3161: checking how to run the C preprocessor
configure:3201: gcc -E  conftest.c
configure:3208: $? = 0
configure:3239: gcc -E  conftest.c
conftest.c:10:10: fatal error: ac_nonexistent.h: No such file or directory
   10 | #include <ac_nonexistent.h>
      |          ^~~~~~~~~~~~~~~~~~
compilation terminated.
configure:3246: $? = 1
configure: failed program was:
| /* confdefs.h.  */
| #define PACKAGE_NAME "arlshapes"
| #define PACKAGE_TARNAME "arlshapes"
| #define PACKAGE_VERSION "1.0"
| #define PACKAGE_STRING "arlshapes 1.0"
| #define PACKAGE_BUGREPORT "albion.taylor@noaa.gov"
| #define HAVE_LIBC 1
| #define HAVE_LIBM 1
| /* end confdefs.h.  */
| #include <ac_nonexistent.h>
configure:3279: result: gcc -E
configure:3308: gcc -E  conftest.c
configure:3315: $? = 0
configure:3346: gcc -E  conftest.c
conftest.c:10:10: fatal error: ac_nonexistent.h: No such file or directory
   10 | #include <ac_nonexistent.h>
      |          ^~~~~~~~~~~~~~~~~~
compilation terminated.
configure:3353: $? = 1
configure: failed program was:
| /* confdefs.h.  */
| #define PACKAGE_NAME "arlshapes"
| #define PACKAGE_TARNAME "arlshapes"
| #define PACKAGE_VERSION "1.0"
| #define PACKAGE_STRING "arlshapes 1.0"
| #define PACKAGE_BUGREPORT "albion.taylor@noaa.gov"
| #define HAVE_LIBC 1
| #define HAVE_LIBM 1
| /* end confdefs.h.  */
| #include <ac_nonexistent.h>
configure:3393: checking for grep that handles long lines and -e
configure:3453: result: /usr/bin/grep
configure:3458: checking for egrep
configure:3522: result: /usr/bin/grep -E
configure:3527: checking for ANSI C header files
configure:3557: gcc -c -g -O2  conftest.c >&5
configure:3564: $? = 0
configure:3663: gcc -o conftest -g -O2   conftest.c -lm  >&5
configure:3667: $? = 0
configure:3673: ./conftest
configure:3677: $? = 0
configure:3695: result: yes
configure:3719: checking for sys/types.h
configure:3740: gcc -c -g -O2  conftest.c >&5
configure:3747: $? = 0
configure:3764: result: yes
configure:3719: checking for sys/stat.h
configure:3740: gcc -c -g -O2  conftest.c >&5
configure:3747: $? = 0
configure:3764: result: yes
configure:3719: checking for stdlib.h
configure:3740: gcc -c -g -O2  conftest.c >&5
configure:3747: $? = 0
configure:3764: result: yes
configure:3719: checking for string.h
configure:3740: gcc -c -g -O2  conftest.c >&5
configure:3747: $? = 0
configure:3764: result: yes
configure:3719: checking for memory.h
configure:3740: gcc -c -g -O2  conftest.c >&5
configure:3747: $? = 0
configure:3764: result: yes
configure:3719: checking for strings.h
configure:3740: gcc -c -g -O2  conftest.c >&5
configure:3747: $? = 0
configure:3764: result: yes
configure:3719: checking for inttypes.h
configure:3740: gcc -c -g -O2  conftest.c >&5
configure:3747: $? = 0
configure:3764: result: yes
configure:3719: checking for stdint.h
configure:3740: gcc -c -g -O2  conftest.c >&5
configure:3747: $? = 0
configure:3764: result: yes
configure:3719: checking for unistd.h
configure:3740: gcc -c -g -O2  conftest.c >&5
configure:3747: $? = 0
configure:3764: result: yes
configure:3798: checking float.h usability
configure:3815: gcc -c -g -O2  conftest.c >&5
configure:3822: $? = 0
configure:3836: result: yes
configure:3840: checking float.h presence
configure:3855: gcc -E  conftest.c
configure:3862: $? = 0
configure:3876: result: yes
configure:3909: checking for float.h
configure:3918: result: yes
configure:3798: checking limits.h usability
configure:3815: gcc -c -g -O2  conftest.c >&5
configure:3822: $? = 0
configure:3836: result: yes
configure:3840: checking limits.h presence
configure:3855: gcc -E  conftest.c
configure:3862: $? = 0
configure:3876: result: yes
configure:3909: checking for limits.h
configure:3918: result: yes
configure:3787: checking for stdlib.h
configure:3794: result: yes
configure:3787: checking for string.h
configure:3794: result: yes
configure:3787: checking for unistd.h
configure:3794: result: yes
configure:3935: checking for an ANSI C-conforming const
configure:4010: gcc -c -g -O2  conftest.c >&5
configure:4017: $? = 0
configure:4032: result: yes
configure:4042: checking for size_t
configure:4070: gcc -c -g -O2  conftest.c >&5
configure:4077: $? = 0
configure:4104: gcc -c -g -O2  conftest.c >&5
conftest.c: In function 'main':
conftest.c:61:21: error: expected expression before ')' token
   61 | if (sizeof ((size_t)))
      |                     ^
configure:4111: $? = 1
configure: failed program was:
| /* confdefs.h.  */
| #define PACKAGE_NAME "arlshapes"
| #define PACKAGE_TARNAME "arlshapes"
| #define PACKAGE_VERSION "1.0"
| #define PACKAGE_STRING "arlshapes 1.0"
| #define PACKAGE_BUGREPORT "albion.taylor@noaa.gov"
| #define HAVE_LIBC 1
| #define HAVE_LIBM 1
| #define STDC_HEADERS 1
| #define HAVE_SYS_TYPES_H 1
| #define HAVE_SYS_STAT_H 1
| #define HAVE_STDLIB_H 1
| #define HAVE_STRING_H 1
| #define HAVE_MEMORY_H 1
| #define HAVE_STRINGS_H 1
| #define HAVE_INTTYPES_H 1
| #define HAVE_STDINT_H 1
| #define HAVE_UNISTD_H 1
| #define HAVE_FLOAT_H 1
| #define HAVE_LIMITS_H 1
| #define HAVE_STDLIB_H 1
| #define HAVE_STRING_H 1
| #define HAVE_UNISTD_H 1
| /* end confdefs.h.  */
| #include <stdio.h>
| #ifdef HAVE_SYS_TYPES_H
| # include <sys/types.h>
| #endif
| #ifdef HAVE_SYS_STAT_H
| # include <sys/stat.h>
| #endif
| #ifdef STDC_HEADERS
| # include <stdlib.h>
| # include <stddef.h>
| #else
| # ifdef HAVE_STDLIB_H
| #  include <stdlib.h>
| # endif
| #endif
| #ifdef HAVE_STRING_H
| # if !defined STDC_HEADERS && defined HAVE_MEMORY_H
| #  include <memory.h>
| # endif
| # include <string.h>
| #endif
| #ifdef HAVE_STRINGS_H
| # include <strings.h>
| #endif
| #ifdef HAVE_INTTYPES_H
| # include <inttypes.h>
| #endif
| #ifdef HAVE_STDINT_H
| # include <stdint.h>
| #endif
| #ifdef HAVE_UNISTD_H
| # include <unistd.h>
| #endif
| int
| main ()
| {
| if (sizeof ((size_t)))
| 	  return 0;
|   ;
|   return 0;
| }
configure:4134: result: yes
configure:4146: checking for ssize_t
configure:4174: gcc -c -g -O2  conftest.c >&5
configure:4181: $? = 0
configure:4208: gcc -c -g -O2  conftest.c >&5
conftest.c: In function 'main':
conftest.c:61:22: error: expected expression before ')' token
   61 | if (sizeof ((ssize_t)))
      |                      ^
configure:4215: $? = 1
configure: failed program was:
| /* confdefs.h.  */
| #define PACKAGE_NAME "arlshapes"
| #define PACKAGE_TARNAME "arlshapes"
| #define PACKAGE_VERSION "1.0"
| #define PACKAGE_STRING "arlshapes 1.0"
| #define PACKAGE_BUGREPORT "albion.taylor@noaa.gov"
| #define HAVE_LIBC 1
| #define HAVE_LIBM 1
| #define STDC_HEADERS 1
| #define HAVE_SYS_TYPES_H 1
| #define HAVE_SYS_STAT_H 1
| #define HAVE_STDLIB_H 1
| #define HAVE_STRING_H 1
| #define HAVE_MEMORY_H 1
| #define HAVE_STRINGS_H 1
| #define HAVE_INTTYPES_H 1
| #define HAVE_STDINT_H 1
| #define HAVE_UNISTD_H 1
| #define HAVE_FLOAT_H 1
| #define HAVE_LIMITS_H 1
| #define HAVE_STDLIB_H 1
| #define HAVE_STRING_H 1
| #define HAVE_UNISTD_H 1
| /* end confdefs.h.  */
| #include <stdio.h>
| #ifdef HAVE_SYS_TYPES_H
| # include <sys/types.h>
| #endif
| #ifdef HAVE_SYS_STAT_H
| # include <sys/stat.h>
| #endif
| #ifdef STDC_HEADERS
| # include <stdlib.h>
| # include <stddef.h>
| #else
| # ifdef HAVE_STDLIB_H
| #  include <stdlib.h>
| # endif
| #endif
| #ifdef HAVE_STRING_H
| # if !defined STDC_HEADERS && defined HAVE_MEMORY_H
| #  include <memory.h>
| # endif
| # include <string.h>
| #endif
| #ifdef HAVE_STRINGS_H
| # include <strings.h>
| #endif
| #ifdef HAVE_INTTYPES_H
| # include <inttypes.h>
| #endif
| #ifdef HAVE_STDINT_H
| # include <stdint.h>
| #endif
| #ifdef HAVE_UNISTD_H
| # include <unistd.h>
| #endif
| int
| main ()
| {
| if (sizeof ((ssize_t)))
| 	  return 0;
|   ;
|   return 0;
| }
configure:4238: result: yes
configure:4250: checking whether struct tm is in sys/time.h or time.h
configure:4280: gcc -c -g -O2  conftest.c >&5
configure:4287: $? = 0
configure:4302: result: time.h
configure:4313: checking whether byte ordering is bigendian
configure:4338: gcc -c -g -O2  conftest.c >&5
conftest.c:26:9: error: unknown type name 'not'
   26 |         not a universal capable compiler
      |         ^~~
conftest.c:26:15: error: expected '=', ',', ';', 'asm' or '__attribute__' before 'universal'
   26 |         not a universal capable compiler
      |               ^~~~~~~~~
conftest.c:26:15: error: unknown type name 'universal'
configure:4345: $? = 1
configure: failed program was:
| /* confdefs.h.  */
| #define PACKAGE_NAME "arlshapes"
| #define PACKAGE_TARNAME "arlshapes"
| #define PACKAGE_VERSION "1.0"
| #define PACKAGE_STRING "arlshapes 1.0"
| #define PACKAGE_BUGREPORT "albion.taylor@noaa.gov"
| #define HAVE_LIBC 1
| #define HAVE_LIBM 1
| #define STDC_HEADERS 1
| #define HAVE_SYS_TYPES_H 1
| #define HAVE_SYS_STAT_H 1
| #define HAVE_STDLIB_H 1
| #define HAVE_STRING_H 1
| #define HAVE_MEMORY_H 1
| #define HAVE_STRINGS_H 1
| #define HAVE_INTTYPES_H 1
| #define HAVE_STDINT_H 1
| #define HAVE_UNISTD_H 1
| #define HAVE_FLOAT_H 1
| #define HAVE_LIMITS_H 1
| #define HAVE_STDLIB_H 1
| #define HAVE_STRING_H 1
| #define HAVE_UNISTD_H 1
| /* end confdefs.h.  */
| #ifndef __APPLE_CC__
| 	       not a universal capable compiler
| 	     #endif
| 	     typedef int dummy;
| 
configure:4395: gcc -c -g -O2  conftest.c >&5
configure:4402: $? = 0
configure:4434: gcc -c -g -O2  conftest.c >&5
conftest.c: In function 'main':
conftest.c:32:4: error: unknown type name 'not'; did you mean 'ino_t'?
   32 |    not big endian
      |    ^~~
      |    ino_t
conftest.c:32:12: error: expected '=', ',', ';', 'asm' or '__attribute__' before 'endian'
   32 |    not big endian
      |            ^~~~~~
configure:4441: $? = 1
configure: failed program was:
| /* confdefs.h.  */
| #define PACKAGE_NAME "arlshapes"
| #define PACKAGE_TARNAME "arlshapes"
| #define PACKAGE_VERSION "1.0"
| #define PACKAGE_STRING "arlshapes 1.0"
| #define PACKAGE_BUGREPORT "albion.taylor@noaa.gov"
| #define HAVE_LIBC 1
| #define HAVE_LIBM 1
| #define STDC_HEADERS 1
| #define HAVE_SYS_TYPES_H 1
| #define HAVE_SYS_STAT_H 1
| #define HAVE_STDLIB_H 1
| #define HAVE_STRING_H 1
| #define HAVE_MEMORY_H 1
| #define HAVE_STRINGS_H 1
| #define HAVE_INTTYPES_H 1
| #define HAVE_STDINT_H 1
| #define HAVE_UNISTD_H 1
| #define HAVE_FLOAT_H 1
| #define HAVE_LIMITS_H 1
| #define HAVE_STDLIB_H 1
| #define HAVE_STRING_H 1
| #define HAVE_UNISTD_H 1
| /* end confdefs.h.  */
| #include <sys/types.h>
| 		#include <sys/param.h>
| 
| int
| main ()
| {
| #if BYTE_ORDER != BIG_ENDIAN
| 		 not big endian
| 		#endif
| 
|   ;
|   return 0;
| }
configure:4693: result: no
configure:4720: checking for error_at_line
configure:4746: gcc -o conftest -g -O2   conftest.c -lm  >&5
configure:4753: $? = 0
configure:4773: result: yes
configure:4789: checking for stdlib.h
configure:4796: result: yes
configure:4935: checking for GNU libc compatible malloc
configure:4969: gcc -o conftest -g -O2   conftest.c -lm  >&5
configure:4973: $? = 0
configure:4979: ./conftest
configure:4983: $? = 0
configure:5000: result: yes
configure:5028: checking whether time.h and sys/time.h may both be included
configure:5058: gcc -c -g -O2  conftest.c >&5
configure:5065: $? = 0
configure:5080: result: yes
configure:5109: checking sys/time.h usability
configure:5126: gcc -c -g -O2  conftest.c >&5
configure:5133: $? = 0
configure:5147: result: yes
configure:5151: checking sys/time.h presence
configure:5166: gcc -E  conftest.c
configure:5173: $? = 0
configure:5187: result: yes
configure:5220: checking for sys/time.h
configure:5229: result: yes
configure:5098: checking for unistd.h
configure:5105: result: yes
configure:5255: checking for alarm
configure:5311: gcc -o conftest -g -O2   conftest.c -lm  >&5
configure:5318: $? = 0
configure:5340: result: yes
configure:5368: checking for working mktime
configure:5583: gcc -o conftest -g -O2   conftest.c -lm  >&5
configure:5587: $? = 0
configure:5593: ./conftest
configure:5597: $? = 0
configure:5614: result: yes
configure:5630: checking for stdlib.h
configure:5637: result: yes
configure:5776: checking for GNU libc compatible realloc
configure:5810: gcc -o conftest -g -O2   conftest.c -lm  >&5
configure:5814: $? = 0
configure:5820: ./conftest
configure:5824: $? = 0
configure:5841: result: yes
configure:5873: checking for strftime
configure:5929: gcc -o conftest -g -O2   conftest.c -lm  >&5
conftest.c:56:6: warning: conflicting types for built-in function 'strftime'; expected 'long unsigned int(char *, long unsigned int,  const char *, const void *)' [-Wbuiltin-declaration-mismatch]
   56 | char strftime ();
      |      ^~~~~~~~
conftest.c:44:1: note: 'strftime' is declared in header '<time.h>'
   43 | # include <limits.h>
   44 | #else
configure:5936: $? = 0
configure:5958: result: yes
configure:6059: checking for floor
configure:6115: gcc -o conftest -g -O2   conftest.c -lm  >&5
conftest.c:57:6: warning: conflicting types for built-in function 'floor'; expected 'double(double)' [-Wbuiltin-declaration-mismatch]
   57 | char floor ();
      |      ^~~~~
conftest.c:45:1: note: 'floor' is declared in header '<math.h>'
   44 | # include <limits.h>
   45 | #else
configure:6122: $? = 0
configure:6144: result: yes
configure:6059: checking for memmove
configure:6115: gcc -o conftest -g -O2   conftest.c -lm  >&5
conftest.c:58:6: warning: conflicting types for built-in function 'memmove'; expected 'void *(void *, const void *, long unsigned int)' [-Wbuiltin-declaration-mismatch]
   58 | char memmove ();
      |      ^~~~~~~
conftest.c:46:1: note: 'memmove' is declared in header '<string.h>'
   45 | # include <limits.h>
   46 | #else
configure:6122: $? = 0
configure:6144: result: yes
configure:6059: checking for memset
configure:6115: gcc -o conftest -g -O2   conftest.c -lm  >&5
conftest.c:59:6: warning: conflicting types for built-in function 'memset'; expected 'void *(void *, int,  long unsigned int)' [-Wbuiltin-declaration-mismatch]
   59 | char memset ();
      |      ^~~~~~
conftest.c:47:1: note: 'memset' is declared in header '<string.h>'
   46 | # include <limits.h>
   47 | #else
configure:6122: $? = 0
configure:6144: result: yes
configure:6059: checking for pow
configure:6115: gcc -o conftest -g -O2   conftest.c -lm  >&5
conftest.c:60:6: warning: conflicting types for built-in function 'pow'; expected 'double(double,  double)' [-Wbuiltin-declaration-mismatch]
   60 | char pow ();
      |      ^~~
conftest.c:48:1: note: 'pow' is declared in header '<math.h>'
   47 | # include <limits.h>
   48 | #else
configure:6122: $? = 0
configure:6144: result: yes
configure:6059: checking for sqrt
configure:6115: gcc -o conftest -g -O2   conftest.c -lm  >&5
conftest.c:61:6: warning: conflicting types for built-in function 'sqrt'; expected 'double(double)' [-Wbuiltin-declaration-mismatch]
   61 | char sqrt ();
      |      ^~~~
conftest.c:49:1: note: 'sqrt' is declared in header '<math.h>'
   48 | # include <limits.h>
   49 | #else
configure:6122: $? = 0
configure:6144: result: yes
configure:6059: checking for strcasecmp
configure:6115: gcc -o conftest -g -O2   conftest.c -lm  >&5
conftest.c:62:6: warning: conflicting types for built-in function 'strcasecmp'; expected 'int(const char *, const char *)' [-Wbuiltin-declaration-mismatch]
   62 | char strcasecmp ();
      |      ^~~~~~~~~~
configure:6122: $? = 0
configure:6144: result: yes
configure:6059: checking for strchr
configure:6115: gcc -o conftest -g -O2   conftest.c -lm  >&5
conftest.c:63:6: warning: conflicting types for built-in function 'strchr'; expected 'char *(const char *, int)' [-Wbuiltin-declaration-mismatch]
   63 | char strchr ();
      |      ^~~~~~
conftest.c:51:1: note: 'strchr' is declared in header '<string.h>'
   50 | # include <limits.h>
   51 | #else
configure:6122: $? = 0
configure:6144: result: yes
configure:6059: checking for strrchr
configure:6115: gcc -o conftest -g -O2   conftest.c -lm  >&5
conftest.c:64:6: warning: conflicting types for built-in function 'strrchr'; expected 'char *(const char *, int)' [-Wbuiltin-declaration-mismatch]
   64 | char strrchr ();
      |      ^~~~~~~
conftest.c:52:1: note: 'strrchr' is declared in header '<string.h>'
   51 | # include <limits.h>
   52 | #else
configure:6122: $? = 0
configure:6144: result: yes
configure:6059: checking for strstr
configure:6115: gcc -o conftest -g -O2   conftest.c -lm  >&5
conftest.c:65:6: warning: conflicting types for built-in function 'strstr'; expected 'char *(const char *, const char *)' [-Wbuiltin-declaration-mismatch]
   65 | char strstr ();
      |      ^~~~~~
conftest.c:53:1: note: 'strstr' is declared in header '<string.h>'
   52 | # include <limits.h>
   53 | #else
configure:6122: $? = 0
configure:6144: result: yes
configure:6059: checking for strncasecmp
configure:6115: gcc -o conftest -g -O2   conftest.c -lm  >&5
conftest.c:66:6: warning: conflicting types for built-in function 'strncasecmp'; expected 'int(const char *, const char *, long unsigned int)' [-Wbuiltin-declaration-mismatch]
   66 | char strncasecmp ();
      |      ^~~~~~~~~~~
configure:6122: $? = 0
configure:6144: result: yes
configure:6059: checking for strspn
configure:6115: gcc -o conftest -g -O2   conftest.c -lm  >&5
conftest.c:67:6: warning: conflicting types for built-in function 'strspn'; expected 'long unsigned int(const char *, const char *)' [-Wbuiltin-declaration-mismatch]
   67 | char strspn ();
      |      ^~~~~~
conftest.c:55:1: note: 'strspn' is declared in header '<string.h>'
   54 | # include <limits.h>
   55 | #else
configure:6122: $? = 0
configure:6144: result: yes
configure:6258: creating ./config.status

## ---------------------- ##
## Running config.status. ##
## ---------------------- ##

This file was extended by arlshapes config.status 1.0, which was
generated by GNU Autoconf 2.63.  Invocation command line was

  CONFIG_FILES    = 
  CONFIG_HEADERS  = 
  CONFIG_LINKS    = 
  CONFIG_COMMANDS = 
  $ ./config.status 

on universe

config.status:761: creating Makefile
config.status:761: creating arcview1/Makefile
config.status:761: creating arcview2/Makefile
config.status:761: creating contour/Makefile
config.status:761: creating shapeutil/Makefile
config.status:761: creating config.h
config.status:761: creating arcview2/config.h
config.status:761: creating arcview1/config.h
config.status:761: creating contour/config.h

## ---------------- ##
## Cache variables. ##
## ---------------- ##

ac_cv_c_bigendian=no
ac_cv_c_compiler_gnu=yes
ac_cv_c_const=yes
ac_cv_env_CC_set=set
ac_cv_env_CC_value=gcc
ac_cv_env_CFLAGS_set=
ac_cv_env_CFLAGS_value=
ac_cv_env_CPPFLAGS_set=
ac_cv_env_CPPFLAGS_value=
ac_cv_env_CPP_set=
ac_cv_env_CPP_value=
ac_cv_env_LDFLAGS_set=
ac_cv_env_LDFLAGS_value=
ac_cv_env_LIBS_set=
ac_cv_env_LIBS_value=
ac_cv_env_build_alias_set=
ac_cv_env_build_alias_value=
ac_cv_env_host_alias_set=
ac_cv_env_host_alias_value=
ac_cv_env_target_alias_set=
ac_cv_env_target_alias_value=
ac_cv_func_alarm=yes
ac_cv_func_floor=yes
ac_cv_func_malloc_0_nonnull=yes
ac_cv_func_memmove=yes
ac_cv_func_memset=yes
ac_cv_func_pow=yes
ac_cv_func_realloc_0_nonnull=yes
ac_cv_func_sqrt=yes
ac_cv_func_strcasecmp=yes
ac_cv_func_strchr=yes
ac_cv_func_strftime=yes
ac_cv_func_strncasecmp=yes
ac_cv_func_strrchr=yes
ac_cv_func_strspn=yes
ac_cv_func_strstr=yes
ac_cv_func_working_mktime=yes
ac_cv_header_float_h=yes
ac_cv_header_inttypes_h=yes
ac_cv_header_limits_h=yes
ac_cv_header_memory_h=yes
ac_cv_header_stdc=yes
ac_cv_header_stdint_h=yes
ac_cv_header_stdlib_h=yes
ac_cv_header_string_h=yes
ac_cv_header_strings_h=yes
ac_cv_header_sys_stat_h=yes
ac_cv_header_sys_time_h=yes
ac_cv_header_sys_types_h=yes
ac_cv_header_time=yes
ac_cv_header_unistd_h=yes
ac_cv_lib_c_printf=yes
ac_cv_lib_error_at_line=yes
ac_cv_lib_m_sqrt=yes
ac_cv_objext=o
ac_cv_path_EGREP='/usr/bin/grep -E'
ac_cv_path_GREP=/usr/bin/grep
ac_cv_path_install='/usr/bin/install -c'
ac_cv_prog_CPP='gcc -E'
ac_cv_prog_ac_ct_CC=gcc
ac_cv_prog_ac_ct_RANLIB=ranlib
ac_cv_prog_cc_c89=
ac_cv_prog_cc_g=yes
ac_cv_prog_make_make_set=yes
ac_cv_struct_tm=time.h
ac_cv_type_size_t=yes
ac_cv_type_ssize_t=yes

## ----------------- ##
## Output variables. ##
## ----------------- ##

ARFLAGS=''
CC='gcc'
CFLAGS='-g -O2'
CPP='gcc -E'
CPPFLAGS=''
DEBUG=''
DEFS='-DHAVE_CONFIG_H'
ECHO_C=''
ECHO_N='-n'
ECHO_T=''
EGREP='/usr/bin/grep -E'
EXEEXT=''
GREP='/usr/bin/grep'
INSTALL_DATA='${INSTALL} -m 644'
INSTALL_PROGRAM='${INSTALL}'
INSTALL_SCRIPT='${INSTALL}'
LDFLAGS=''
LIBOBJS=''
LIBS='-lm '
LN_S='ln -s'
LTLIBOBJS=''
OBJEXT='o'
PACKAGE_BUGREPORT='albion.taylor@noaa.gov'
PACKAGE_NAME='arlshapes'
PACKAGE_STRING='arlshapes 1.0'
PACKAGE_TARNAME='arlshapes'
PACKAGE_VERSION='1.0'
PATH_SEPARATOR=':'
RANLIB='ranlib'
SET_MAKE=''
SHELL='/bin/bash'
ac_ct_CC='gcc'
bindir='${exec_prefix}/bin'
build_alias=''
datadir='${datarootdir}'
datarootdir='${prefix}/share'
docdir='${datarootdir}/doc/${PACKAGE_TARNAME}'
dvidir='${docdir}'
exec_prefix='${prefix}'
host_alias=''
htmldir='${docdir}'
includedir='${prefix}/include'
infodir='${datarootdir}/info'
libdir='${exec_prefix}/lib'
libexecdir='${exec_prefix}/libexec'
localedir='${datarootdir}/locale'
localstatedir='${prefix}/var'
mandir='${datarootdir}/man'
oldincludedir='/usr/include'
pdfdir='${docdir}'
prefix='/usr/local'
program_transform_name='s,x,x,'
psdir='${docdir}'
sbindir='${exec_prefix}/sbin'
sharedstatedir='${prefix}/com'
sysconfdir='${prefix}/etc'
target_alias=''

## ----------- ##
## confdefs.h. ##
## ----------- ##

#define PACKAGE_NAME "arlshapes"
#define PACKAGE_TARNAME "arlshapes"
#define PACKAGE_VERSION "1.0"
#define PACKAGE_STRING "arlshapes 1.0"
#define PACKAGE_BUGREPORT "albion.taylor@noaa.gov"
#define HAVE_LIBC 1
#define HAVE_LIBM 1
#define STDC_HEADERS 1
#define HAVE_SYS_TYPES_H 1
#define HAVE_SYS_STAT_H 1
#define HAVE_STDLIB_H 1
#define HAVE_STRING_H 1
#define HAVE_MEMORY_H 1
#define HAVE_STRINGS_H 1
#define HAVE_INTTYPES_H 1
#define HAVE_STDINT_H 1
#define HAVE_UNISTD_H 1
#define HAVE_FLOAT_H 1
#define HAVE_LIMITS_H 1
#define HAVE_STDLIB_H 1
#define HAVE_STRING_H 1
#define HAVE_UNISTD_H 1
#define HAVE_STDLIB_H 1
#define HAVE_MALLOC 1
#define TIME_WITH_SYS_TIME 1
#define HAVE_SYS_TIME_H 1
#define HAVE_UNISTD_H 1
#define HAVE_ALARM 1
#define HAVE_STDLIB_H 1
#define HAVE_REALLOC 1
#define HAVE_STRFTIME 1
#define HAVE_FLOOR 1
#define HAVE_MEMMOVE 1
#define HAVE_MEMSET 1
#define HAVE_POW 1
#define HAVE_SQRT 1
#define HAVE_STRCASECMP 1
#define HAVE_STRCHR 1
#define HAVE_STRRCHR 1
#define HAVE_STRSTR 1
#define HAVE_STRNCASECMP 1
#define HAVE_STRSPN 1

configure: exit 0
